<?xml version="1.0" encoding="UTF-8"?>
<testng-results skipped="0" failed="1" ignored="0" total="2" passed="1">
  <reporter-output>
  </reporter-output>
  <suite name="Surefire suite" duration-ms="116263" started-at="2018-10-22T08:30:22Z" finished-at="2018-10-22T08:32:18Z">
    <groups>
    </groups>
    <test name="Surefire test" duration-ms="116263" started-at="2018-10-22T08:30:22Z" finished-at="2018-10-22T08:32:18Z">
      <class name="CitoolAutomationTesting.AnalyticsTvProgramGuideClass">
        <test-method status="PASS" signature="startReport()[pri:0, instance:CitoolAutomationTesting.AnalyticsTvProgramGuideClass@18be83e4]" name="startReport" is-config="true" duration-ms="175" started-at="2018-10-22T12:30:22Z" finished-at="2018-10-22T12:30:22Z">
          <reporter-output>
          </reporter-output>
        </test-method> <!-- startReport -->
        <test-method status="FAIL" signature="failTest()[pri:0, instance:CitoolAutomationTesting.AnalyticsTvProgramGuideClass@18be83e4]" name="failTest" duration-ms="106586" started-at="2018-10-22T12:30:22Z" finished-at="2018-10-22T12:32:09Z">
          <exception class="java.lang.NoClassDefFoundError">
            <message>
              <![CDATA[org/sikuli/script/Screen]]>
            </message>
            <full-stacktrace>
              <![CDATA[java.lang.NoClassDefFoundError: org/sikuli/script/Screen
	at CitoolAutomationTesting.AnalyticsTvProgramGuideClass.TvProgramGuideMethod(AnalyticsTvProgramGuideClass.java:155)
	at CitoolAutomationTesting.AnalyticsTvProgramGuideClass.failTest(AnalyticsTvProgramGuideClass.java:77)
	at sun.reflect.NativeMethodAccessorImpl.invoke0(Native Method)
	at sun.reflect.NativeMethodAccessorImpl.invoke(NativeMethodAccessorImpl.java:62)
	at sun.reflect.DelegatingMethodAccessorImpl.invoke(DelegatingMethodAccessorImpl.java:43)
	at java.lang.reflect.Method.invoke(Method.java:498)
	at org.testng.internal.MethodInvocationHelper.invokeMethod(MethodInvocationHelper.java:104)
	at org.testng.internal.Invoker.invokeMethod(Invoker.java:645)
	at org.testng.internal.Invoker.invokeTestMethod(Invoker.java:851)
	at org.testng.internal.Invoker.invokeTestMethods(Invoker.java:1177)
	at org.testng.internal.TestMethodWorker.invokeTestMethods(TestMethodWorker.java:129)
	at org.testng.internal.TestMethodWorker.run(TestMethodWorker.java:112)
	at org.testng.TestRunner.privateRun(TestRunner.java:756)
	at org.testng.TestRunner.run(TestRunner.java:610)
	at org.testng.SuiteRunner.runTest(SuiteRunner.java:387)
	at org.testng.SuiteRunner.runSequentially(SuiteRunner.java:382)
	at org.testng.SuiteRunner.privateRun(SuiteRunner.java:340)
	at org.testng.SuiteRunner.run(SuiteRunner.java:289)
	at org.testng.SuiteRunnerWorker.runSuite(SuiteRunnerWorker.java:52)
	at org.testng.SuiteRunnerWorker.run(SuiteRunnerWorker.java:86)
	at org.testng.TestNG.runSuitesSequentially(TestNG.java:1293)
	at org.testng.TestNG.runSuitesLocally(TestNG.java:1218)
	at org.testng.TestNG.runSuites(TestNG.java:1133)
	at org.testng.TestNG.run(TestNG.java:1104)
	at org.apache.maven.surefire.testng.TestNGExecutor.run(TestNGExecutor.java:135)
	at org.apache.maven.surefire.testng.TestNGDirectoryTestSuite.executeSingleClass(TestNGDirectoryTestSuite.java:112)
	at org.apache.maven.surefire.testng.TestNGDirectoryTestSuite.execute(TestNGDirectoryTestSuite.java:99)
	at org.apache.maven.surefire.testng.TestNGProvider.invoke(TestNGProvider.java:146)
	at org.apache.maven.surefire.booter.ForkedBooter.invokeProviderInSameClassLoader(ForkedBooter.java:383)
	at org.apache.maven.surefire.booter.ForkedBooter.runSuitesInProcess(ForkedBooter.java:344)
	at org.apache.maven.surefire.booter.ForkedBooter.execute(ForkedBooter.java:125)
	at org.apache.maven.surefire.booter.ForkedBooter.main(ForkedBooter.java:417)
Caused by: java.lang.ClassNotFoundException: org.sikuli.script.Screen
	at java.net.URLClassLoader.findClass(URLClassLoader.java:381)
	at java.lang.ClassLoader.loadClass(ClassLoader.java:424)
	at sun.misc.Launcher$AppClassLoader.loadClass(Launcher.java:338)
	at java.lang.ClassLoader.loadClass(ClassLoader.java:357)
	... 32 more
]]>
            </full-stacktrace>
          </exception> <!-- java.lang.NoClassDefFoundError -->
          <reporter-output>
          </reporter-output>
        </test-method> <!-- failTest -->
        <test-method status="PASS" signature="getResult(org.testng.ITestResult)[pri:0, instance:CitoolAutomationTesting.AnalyticsTvProgramGuideClass@18be83e4]" name="getResult" is-config="true" duration-ms="8284" started-at="2018-10-22T12:32:09Z" finished-at="2018-10-22T12:32:17Z">
          <params>
            <param index="0">
              <value>
                <![CDATA[[TestResult name=failTest status=FAILURE method=AnalyticsTvProgramGuideClass.failTest()[pri:0, instance:CitoolAutomationTesting.AnalyticsTvProgramGuideClass@18be83e4] output={null}]]]>
              </value>
            </param>
          </params>
          <reporter-output>
          </reporter-output>
        </test-method> <!-- getResult -->
        <test-method status="PASS" signature="passTest()[pri:0, instance:CitoolAutomationTesting.AnalyticsTvProgramGuideClass@18be83e4]" name="passTest" duration-ms="3" started-at="2018-10-22T12:32:17Z" finished-at="2018-10-22T12:32:17Z">
          <reporter-output>
          </reporter-output>
        </test-method> <!-- passTest -->
        <test-method status="PASS" signature="getResult(org.testng.ITestResult)[pri:0, instance:CitoolAutomationTesting.AnalyticsTvProgramGuideClass@18be83e4]" name="getResult" is-config="true" duration-ms="0" started-at="2018-10-22T12:32:17Z" finished-at="2018-10-22T12:32:17Z">
          <params>
            <param index="0">
              <value>
                <![CDATA[[TestResult name=passTest status=SUCCESS method=AnalyticsTvProgramGuideClass.passTest()[pri:0, instance:CitoolAutomationTesting.AnalyticsTvProgramGuideClass@18be83e4] output={null}]]]>
              </value>
            </param>
          </params>
          <reporter-output>
          </reporter-output>
        </test-method> <!-- getResult -->
        <test-method status="PASS" signature="endReport()[pri:0, instance:CitoolAutomationTesting.AnalyticsTvProgramGuideClass@18be83e4]" name="endReport" is-config="true" duration-ms="1177" started-at="2018-10-22T12:32:17Z" finished-at="2018-10-22T12:32:18Z">
          <reporter-output>
          </reporter-output>
        </test-method> <!-- endReport -->
      </class> <!-- CitoolAutomationTesting.AnalyticsTvProgramGuideClass -->
    </test> <!-- Surefire test -->
  </suite> <!-- Surefire suite -->
</testng-results>
